<?xml version="1.0" encoding="UTF-8"?>
<Site BuildName="Darwin-c++"
	BuildStamp="20240908-2127-Experimental"
	Name="Troys-MacBook-Pro.local"
	Generator="ctest-3.29.2"
	CompilerName="/Library/Developer/CommandLineTools/usr/bin/c++"
	CompilerVersion="15.0.0.15000309"
	OSName="macOS"
	Hostname="Troys-MacBook-Pro.local"
	OSRelease="14.6.1"
	OSVersion="23G93"
	OSPlatform="arm64"
	Is64Bits="1"
	VendorString="IBM"
	VendorID="IBM"
	FamilyID="16777228"
	ModelID="2"
	ProcessorCacheSize="131072"
	NumberOfLogicalCPU="11"
	NumberOfPhysicalCPU="11"
	TotalVirtualMemory="13312"
	TotalPhysicalMemory="18432"
	LogicalProcessorsPerPhysical="11"
	ProcessorClockFrequency="0"
	>
	<Testing>
		<StartDateTime>Sep 08 17:27 EDT</StartDateTime>
		<StartTestTime>1725830835</StartTestTime>
		<TestList/>
		<EndDateTime>Sep 08 17:27 EDT</EndDateTime>
		<EndTestTime>1725830835</EndTestTime>
		<ElapsedMinutes>0</ElapsedMinutes>
	</Testing>
</Site>
